[2017-02-19 05:51:13] local.ERROR: exception 'ReflectionException' with message 'Class !SA does not exist' in C:\xampp\htdocs\penggajianhar\vendor\laravel\framework\src\Illuminate\Container\Container.php:749
Stack trace:
#0 C:\xampp\htdocs\penggajianhar\vendor\laravel\framework\src\Illuminate\Container\Container.php(749): ReflectionClass->__construct('!SA')
#1 C:\xampp\htdocs\penggajianhar\vendor\laravel\framework\src\Illuminate\Container\Container.php(644): Illuminate\Container\Container->build('!SA', Array)
#2 C:\xampp\htdocs\penggajianhar\vendor\laravel\framework\src\Illuminate\Foundation\Application.php(709): Illuminate\Container\Container->make('!SA', Array)
#3 C:\xampp\htdocs\penggajianhar\vendor\laravel\framework\src\Illuminate\Pipeline\Pipeline.php(127): Illuminate\Foundation\Application->make('!SA')
#4 C:\xampp\htdocs\penggajianhar\vendor\laravel\framework\src\Illuminate\Routing\Pipeline.php(33): Illuminate\Pipeline\Pipeline->Illuminate\Pipeline\{closure}(Object(Illuminate\Http\Request))
#5 C:\xampp\htdocs\penggajianhar\vendor\laravel\framework\src\Illuminate\Routing\Middleware\SubstituteBindings.php(41): Illuminate\Routing\Pipeline->Illuminate\Routing\{closure}(Object(Illuminate\Http\Request))
#6 C:\xampp\htdocs\penggajianhar\vendor\laravel\framework\src\Illuminate\Pipeline\Pipeline.php(137): Illuminate\Routing\Middleware\SubstituteBindings->handle(Object(Illuminate\Http\Request), Object(Closure))
#7 C:\xampp\htdocs\penggajianhar\vendor\laravel\framework\src\Illuminate\Routing\Pipeline.php(33): Illuminate\Pipeline\Pipeline->Illuminate\Pipeline\{closure}(Object(Illuminate\Http\Request))
#8 C:\xampp\htdocs\penggajianhar\vendor\laravel\framework\src\Illuminate\Foundation\Http\Middleware\VerifyCsrfToken.php(65): Illuminate\Routing\Pipeline->Illuminate\Routing\{closure}(Object(Illuminate\Http\Request))
#9 C:\xampp\htdocs\penggajianhar\vendor\laravel\framework\src\Illuminate\Pipeline\Pipeline.php(137): Illuminate\Foundation\Http\Middleware\VerifyCsrfToken->handle(Object(Illuminate\Http\Request), Object(Closure))
#10 C:\xampp\htdocs\penggajianhar\vendor\laravel\framework\src\Illuminate\Routing\Pipeline.php(33): Illuminate\Pipeline\Pipeline->Illuminate\Pipeline\{closure}(Object(Illuminate\Http\Request))
#11 C:\xampp\htdocs\penggajianhar\vendor\laravel\framework\src\Illuminate\View\Middleware\ShareErrorsFromSession.php(49): Illuminate\Routing\Pipeline->Illuminate\Routing\{closure}(Object(Illuminate\Http\Request))
#12 C:\xampp\htdocs\penggajianhar\vendor\laravel\framework\src\Illuminate\Pipeline\Pipeline.php(137): Illuminate\View\Middleware\ShareErrorsFromSession->handle(Object(Illuminate\Http\Request), Object(Closure))
#13 C:\xampp\htdocs\penggajianhar\vendor\laravel\framework\src\Illuminate\Routing\Pipeline.php(33): Illuminate\Pipeline\Pipeline->Illuminate\Pipeline\{closure}(Object(Illuminate\Http\Request))
#14 C:\xampp\htdocs\penggajianhar\vendor\laravel\framework\src\Illuminate\Session\Middleware\StartSession.php(64): Illuminate\Routing\Pipeline->Illuminate\Routing\{closure}(Object(Illuminate\Http\Request))
#15 C:\xampp\htdocs\penggajianhar\vendor\laravel\framework\src\Illuminate\Pipeline\Pipeline.php(137): Illuminate\Session\Middleware\StartSession->handle(Object(Illuminate\Http\Request), Object(Closure))
#16 C:\xampp\htdocs\penggajianhar\vendor\laravel\framework\src\Illuminate\Routing\Pipeline.php(33): Illuminate\Pipeline\Pipeline->Illuminate\Pipeline\{closure}(Object(Illuminate\Http\Request))
#17 C:\xampp\htdocs\penggajianhar\vendor\laravel\framework\src\Illuminate\Cookie\Middleware\AddQueuedCookiesToResponse.php(37): Illuminate\Routing\Pipeline->Illuminate\Routing\{closure}(Object(Illuminate\Http\Request))
#18 C:\xampp\htdocs\penggajianhar\vendor\laravel\framework\src\Illuminate\Pipeline\Pipeline.php(137): Illuminate\Cookie\Middleware\AddQueuedCookiesToResponse->handle(Object(Illuminate\Http\Request), Object(Closure))
#19 C:\xampp\htdocs\penggajianhar\vendor\laravel\framework\src\Illuminate\Routing\Pipeline.php(33): Illuminate\Pipeline\Pipeline->Illuminate\Pipeline\{closure}(Object(Illuminate\Http\Request))
#20 C:\xampp\htdocs\penggajianhar\vendor\laravel\framework\src\Illuminate\Cookie\Middleware\EncryptCookies.php(59): Illuminate\Routing\Pipeline->Illuminate\Routing\{closure}(Object(Illuminate\Http\Request))
#21 C:\xampp\htdocs\penggajianhar\vendor\laravel\framework\src\Illuminate\Pipeline\Pipeline.php(137): Illuminate\Cookie\Middleware\EncryptCookies->handle(Object(Illuminate\Http\Request), Object(Closure))
#22 C:\xampp\htdocs\penggajianhar\vendor\laravel\framework\src\Illuminate\Routing\Pipeline.php(33): Illuminate\Pipeline\Pipeline->Illuminate\Pipeline\{closure}(Object(Illuminate\Http\Request))
#23 C:\xampp\htdocs\penggajianhar\vendor\laravel\framework\src\Illuminate\Pipeline\Pipeline.php(104): Illuminate\Routing\Pipeline->Illuminate\Routing\{closure}(Object(Illuminate\Http\Request))
#24 C:\xampp\htdocs\penggajianhar\vendor\laravel\framework\src\Illuminate\Routing\Router.php(655): Illuminate\Pipeline\Pipeline->then(Object(Closure))
#25 C:\xampp\htdocs\penggajianhar\vendor\laravel\framework\src\Illuminate\Routing\Router.php(629): Illuminate\Routing\Router->runRouteWithinStack(Object(Illuminate\Routing\Route), Object(Illuminate\Http\Request))
#26 C:\xampp\htdocs\penggajianhar\vendor\laravel\framework\src\Illuminate\Routing\Router.php(607): Illuminate\Routing\Router->dispatchToRoute(Object(Illuminate\Http\Request))
#27 C:\xampp\htdocs\penggajianhar\vendor\laravel\framework\src\Illuminate\Foundation\Http\Kernel.php(268): Illuminate\Routing\Router->dispatch(Object(Illuminate\Http\Request))
#28 C:\xampp\htdocs\penggajianhar\vendor\laravel\framework\src\Illuminate\Routing\Pipeline.php(53): Illuminate\Foundation\Http\Kernel->Illuminate\Foundation\Http\{closure}(Object(Illuminate\Http\Request))
#29 C:\xampp\htdocs\penggajianhar\vendor\laravel\framework\src\Illuminate\Foundation\Http\Middleware\CheckForMaintenanceMode.php(46): Illuminate\Routing\Pipeline->Illuminate\Routing\{closure}(Object(Illuminate\Http\Request))
#30 C:\xampp\htdocs\penggajianhar\vendor\laravel\framework\src\Illuminate\Pipeline\Pipeline.php(137): Illuminate\Foundation\Http\Middleware\CheckForMaintenanceMode->handle(Object(Illuminate\Http\Request), Object(Closure))
#31 C:\xampp\htdocs\penggajianhar\vendor\laravel\framework\src\Illuminate\Routing\Pipeline.php(33): Illuminate\Pipeline\Pipeline->Illuminate\Pipeline\{closure}(Object(Illuminate\Http\Request))
#32 C:\xampp\htdocs\penggajianhar\vendor\laravel\framework\src\Illuminate\Pipeline\Pipeline.php(104): Illuminate\Routing\Pipeline->Illuminate\Routing\{closure}(Object(Illuminate\Http\Request))
#33 C:\xampp\htdocs\penggajianhar\vendor\laravel\framework\src\Illuminate\Foundation\Http\Kernel.php(150): Illuminate\Pipeline\Pipeline->then(Object(Closure))
#34 C:\xampp\htdocs\penggajianhar\vendor\laravel\framework\src\Illuminate\Foundation\Http\Kernel.php(117): Illuminate\Foundation\Http\Kernel->sendRequestThroughRouter(Object(Illuminate\Http\Request))
#35 C:\xampp\htdocs\penggajianhar\public\index.php(54): Illuminate\Foundation\Http\Kernel->handle(Object(Illuminate\Http\Request))
#36 C:\xampp\htdocs\penggajianhar\server.php(21): require_once('C:\\xampp\\htdocs...')
#37 {main}  
[2017-02-19 05:51:13] local.ERROR: exception 'ReflectionException' with message 'Class !SA does not exist' in C:\xampp\htdocs\penggajianhar\vendor\laravel\framework\src\Illuminate\Container\Container.php:749
Stack trace:
#0 C:\xampp\htdocs\penggajianhar\vendor\laravel\framework\src\Illuminate\Container\Container.php(749): ReflectionClass->__construct('!SA')
#1 C:\xampp\htdocs\penggajianhar\vendor\laravel\framework\src\Illuminate\Container\Container.php(644): Illuminate\Container\Container->build('!SA', Array)
#2 C:\xampp\htdocs\penggajianhar\vendor\laravel\framework\src\Illuminate\Foundation\Application.php(709): Illuminate\Container\Container->make('!SA', Array)
#3 C:\xampp\htdocs\penggajianhar\vendor\laravel\framework\src\Illuminate\Foundation\Http\Kernel.php(174): Illuminate\Foundation\Application->make('!SA')
#4 C:\xampp\htdocs\penggajianhar\public\index.php(58): Illuminate\Foundation\Http\Kernel->terminate(Object(Illuminate\Http\Request), Object(Illuminate\Http\Response))
#5 C:\xampp\htdocs\penggajianhar\server.php(21): require_once('C:\\xampp\\htdocs...')
#6 {main}  
[2017-02-19 05:51:20] local.ERROR: exception 'ReflectionException' with message 'Class  does not exist' in C:\xampp\htdocs\penggajianhar\vendor\laravel\framework\src\Illuminate\Container\Container.php:749
Stack trace:
#0 C:\xampp\htdocs\penggajianhar\vendor\laravel\framework\src\Illuminate\Container\Container.php(749): ReflectionClass->__construct('')
#1 C:\xampp\htdocs\penggajianhar\vendor\laravel\framework\src\Illuminate\Container\Container.php(644): Illuminate\Container\Container->build('', Array)
#2 C:\xampp\htdocs\penggajianhar\vendor\laravel\framework\src\Illuminate\Foundation\Application.php(709): Illuminate\Container\Container->make('', Array)
#3 C:\xampp\htdocs\penggajianhar\vendor\laravel\framework\src\Illuminate\Pipeline\Pipeline.php(127): Illuminate\Foundation\Application->make('')
#4 C:\xampp\htdocs\penggajianhar\vendor\laravel\framework\src\Illuminate\Routing\Pipeline.php(33): Illuminate\Pipeline\Pipeline->Illuminate\Pipeline\{closure}(Object(Illuminate\Http\Request))
#5 C:\xampp\htdocs\penggajianhar\vendor\laravel\framework\src\Illuminate\Routing\Middleware\SubstituteBindings.php(41): Illuminate\Routing\Pipeline->Illuminate\Routing\{closure}(Object(Illuminate\Http\Request))
#6 C:\xampp\htdocs\penggajianhar\vendor\laravel\framework\src\Illuminate\Pipeline\Pipeline.php(137): Illuminate\Routing\Middleware\SubstituteBindings->handle(Object(Illuminate\Http\Request), Object(Closure))
#7 C:\xampp\htdocs\penggajianhar\vendor\laravel\framework\src\Illuminate\Routing\Pipeline.php(33): Illuminate\Pipeline\Pipeline->Illuminate\Pipeline\{closure}(Object(Illuminate\Http\Request))
#8 C:\xampp\htdocs\penggajianhar\vendor\laravel\framework\src\Illuminate\Foundation\Http\Middleware\VerifyCsrfToken.php(65): Illuminate\Routing\Pipeline->Illuminate\Routing\{closure}(Object(Illuminate\Http\Request))
#9 C:\xampp\htdocs\penggajianhar\vendor\laravel\framework\src\Illuminate\Pipeline\Pipeline.php(137): Illuminate\Foundation\Http\Middleware\VerifyCsrfToken->handle(Object(Illuminate\Http\Request), Object(Closure))
#10 C:\xampp\htdocs\penggajianhar\vendor\laravel\framework\src\Illuminate\Routing\Pipeline.php(33): Illuminate\Pipeline\Pipeline->Illuminate\Pipeline\{closure}(Object(Illuminate\Http\Request))
#11 C:\xampp\htdocs\penggajianhar\vendor\laravel\framework\src\Illuminate\View\Middleware\ShareErrorsFromSession.php(49): Illuminate\Routing\Pipeline->Illuminate\Routing\{closure}(Object(Illuminate\Http\Request))
#12 C:\xampp\htdocs\penggajianhar\vendor\laravel\framework\src\Illuminate\Pipeline\Pipeline.php(137): Illuminate\View\Middleware\ShareErrorsFromSession->handle(Object(Illuminate\Http\Request), Object(Closure))
#13 C:\xampp\htdocs\penggajianhar\vendor\laravel\framework\src\Illuminate\Routing\Pipeline.php(33): Illuminate\Pipeline\Pipeline->Illuminate\Pipeline\{closure}(Object(Illuminate\Http\Request))
#14 C:\xampp\htdocs\penggajianhar\vendor\laravel\framework\src\Illuminate\Session\Middleware\StartSession.php(64): Illuminate\Routing\Pipeline->Illuminate\Routing\{closure}(Object(Illuminate\Http\Request))
#15 C:\xampp\htdocs\penggajianhar\vendor\laravel\framework\src\Illuminate\Pipeline\Pipeline.php(137): Illuminate\Session\Middleware\StartSession->handle(Object(Illuminate\Http\Request), Object(Closure))
#16 C:\xampp\htdocs\penggajianhar\vendor\laravel\framework\src\Illuminate\Routing\Pipeline.php(33): Illuminate\Pipeline\Pipeline->Illuminate\Pipeline\{closure}(Object(Illuminate\Http\Request))
#17 C:\xampp\htdocs\penggajianhar\vendor\laravel\framework\src\Illuminate\Cookie\Middleware\AddQueuedCookiesToResponse.php(37): Illuminate\Routing\Pipeline->Illuminate\Routing\{closure}(Object(Illuminate\Http\Request))
#18 C:\xampp\htdocs\penggajianhar\vendor\laravel\framework\src\Illuminate\Pipeline\Pipeline.php(137): Illuminate\Cookie\Middleware\AddQueuedCookiesToResponse->handle(Object(Illuminate\Http\Request), Object(Closure))
#19 C:\xampp\htdocs\penggajianhar\vendor\laravel\framework\src\Illuminate\Routing\Pipeline.php(33): Illuminate\Pipeline\Pipeline->Illuminate\Pipeline\{closure}(Object(Illuminate\Http\Request))
#20 C:\xampp\htdocs\penggajianhar\vendor\laravel\framework\src\Illuminate\Cookie\Middleware\EncryptCookies.php(59): Illuminate\Routing\Pipeline->Illuminate\Routing\{closure}(Object(Illuminate\Http\Request))
#21 C:\xampp\htdocs\penggajianhar\vendor\laravel\framework\src\Illuminate\Pipeline\Pipeline.php(137): Illuminate\Cookie\Middleware\EncryptCookies->handle(Object(Illuminate\Http\Request), Object(Closure))
#22 C:\xampp\htdocs\penggajianhar\vendor\laravel\framework\src\Illuminate\Routing\Pipeline.php(33): Illuminate\Pipeline\Pipeline->Illuminate\Pipeline\{closure}(Object(Illuminate\Http\Request))
#23 C:\xampp\htdocs\penggajianhar\vendor\laravel\framework\src\Illuminate\Pipeline\Pipeline.php(104): Illuminate\Routing\Pipeline->Illuminate\Routing\{closure}(Object(Illuminate\Http\Request))
#24 C:\xampp\htdocs\penggajianhar\vendor\laravel\framework\src\Illuminate\Routing\Router.php(655): Illuminate\Pipeline\Pipeline->then(Object(Closure))
#25 C:\xampp\htdocs\penggajianhar\vendor\laravel\framework\src\Illuminate\Routing\Router.php(629): Illuminate\Routing\Router->runRouteWithinStack(Object(Illuminate\Routing\Route), Object(Illuminate\Http\Request))
#26 C:\xampp\htdocs\penggajianhar\vendor\laravel\framework\src\Illuminate\Routing\Router.php(607): Illuminate\Routing\Router->dispatchToRoute(Object(Illuminate\Http\Request))
#27 C:\xampp\htdocs\penggajianhar\vendor\laravel\framework\src\Illuminate\Foundation\Http\Kernel.php(268): Illuminate\Routing\Router->dispatch(Object(Illuminate\Http\Request))
#28 C:\xampp\htdocs\penggajianhar\vendor\laravel\framework\src\Illuminate\Routing\Pipeline.php(53): Illuminate\Foundation\Http\Kernel->Illuminate\Foundation\Http\{closure}(Object(Illuminate\Http\Request))
#29 C:\xampp\htdocs\penggajianhar\vendor\laravel\framework\src\Illuminate\Foundation\Http\Middleware\CheckForMaintenanceMode.php(46): Illuminate\Routing\Pipeline->Illuminate\Routing\{closure}(Object(Illuminate\Http\Request))
#30 C:\xampp\htdocs\penggajianhar\vendor\laravel\framework\src\Illuminate\Pipeline\Pipeline.php(137): Illuminate\Foundation\Http\Middleware\CheckForMaintenanceMode->handle(Object(Illuminate\Http\Request), Object(Closure))
#31 C:\xampp\htdocs\penggajianhar\vendor\laravel\framework\src\Illuminate\Routing\Pipeline.php(33): Illuminate\Pipeline\Pipeline->Illuminate\Pipeline\{closure}(Object(Illuminate\Http\Request))
#32 C:\xampp\htdocs\penggajianhar\vendor\laravel\framework\src\Illuminate\Pipeline\Pipeline.php(104): Illuminate\Routing\Pipeline->Illuminate\Routing\{closure}(Object(Illuminate\Http\Request))
#33 C:\xampp\htdocs\penggajianhar\vendor\laravel\framework\src\Illuminate\Foundation\Http\Kernel.php(150): Illuminate\Pipeline\Pipeline->then(Object(Closure))
#34 C:\xampp\htdocs\penggajianhar\vendor\laravel\framework\src\Illuminate\Foundation\Http\Kernel.php(117): Illuminate\Foundation\Http\Kernel->sendRequestThroughRouter(Object(Illuminate\Http\Request))
#35 C:\xampp\htdocs\penggajianhar\public\index.php(54): Illuminate\Foundation\Http\Kernel->handle(Object(Illuminate\Http\Request))
#36 C:\xampp\htdocs\penggajianhar\server.php(21): require_once('C:\\xampp\\htdocs...')
#37 {main}  
[2017-02-19 05:51:20] local.ERROR: exception 'ReflectionException' with message 'Class  does not exist' in C:\xampp\htdocs\penggajianhar\vendor\laravel\framework\src\Illuminate\Container\Container.php:749
Stack trace:
#0 C:\xampp\htdocs\penggajianhar\vendor\laravel\framework\src\Illuminate\Container\Container.php(749): ReflectionClass->__construct('')
#1 C:\xampp\htdocs\penggajianhar\vendor\laravel\framework\src\Illuminate\Container\Container.php(644): Illuminate\Container\Container->build('', Array)
#2 C:\xampp\htdocs\penggajianhar\vendor\laravel\framework\src\Illuminate\Foundation\Application.php(709): Illuminate\Container\Container->make('', Array)
#3 C:\xampp\htdocs\penggajianhar\vendor\laravel\framework\src\Illuminate\Foundation\Http\Kernel.php(174): Illuminate\Foundation\Application->make('')
#4 C:\xampp\htdocs\penggajianhar\public\index.php(58): Illuminate\Foundation\Http\Kernel->terminate(Object(Illuminate\Http\Request), Object(Illuminate\Http\Response))
#5 C:\xampp\htdocs\penggajianhar\server.php(21): require_once('C:\\xampp\\htdocs...')
#6 {main}  
[2017-02-21 02:52:00] local.ERROR: PDOException: SQLSTATE[42S02]: Base table or view not found: 1146 Table 'penggajianhar.users' doesn't exist in E:\laragon\www\penggajianhari-master\vendor\laravel\framework\src\Illuminate\Database\Connection.php:476
Stack trace:
#0 E:\laragon\www\penggajianhari-master\vendor\laravel\framework\src\Illuminate\Database\Connection.php(476): PDO->prepare('insert into `us...')
#1 E:\laragon\www\penggajianhari-master\vendor\laravel\framework\src\Illuminate\Database\Connection.php(763): Illuminate\Database\Connection->Illuminate\Database\{closure}(Object(Illuminate\Database\MySqlConnection), 'insert into `us...', Array)
#2 E:\laragon\www\penggajianhari-master\vendor\laravel\framework\src\Illuminate\Database\Connection.php(726): Illuminate\Database\Connection->runQueryCallback('insert into `us...', Array, Object(Closure))
#3 E:\laragon\www\penggajianhari-master\vendor\laravel\framework\src\Illuminate\Database\Connection.php(481): Illuminate\Database\Connection->run('insert into `us...', Array, Object(Closure))
#4 E:\laragon\www\penggajianhari-master\vendor\laravel\framework\src\Illuminate\Database\Connection.php(435): Illuminate\Database\Connection->statement('insert into `us...', Array)
#5 E:\laragon\www\penggajianhari-master\vendor\laravel\framework\src\Illuminate\Database\Query\Builder.php(2138): Illuminate\Database\Connection->insert('insert into `us...', Array)
#6 E:\laragon\www\penggajianhari-master\vendor\laravel\framework\src\Illuminate\Database\Eloquent\Builder.php(1470): Illuminate\Database\Query\Builder->insert(Array)
#7 E:\laragon\www\penggajianhari-master\vendor\laravel\framework\src\Illuminate\Database\Eloquent\Model.php(3561): Illuminate\Database\Eloquent\Builder->__call('insert', Array)
#8 E:\laragon\www\penggajianhari-master\vendor\laravel\framework\src\Illuminate\Database\Eloquent\Model.php(3573): Illuminate\Database\Eloquent\Model->__call('insert', Array)
#9 E:\laragon\www\penggajianhari-master\database\seeds\userSeeder.php(18): Illuminate\Database\Eloquent\Model::__callStatic('insert', Array)
#10 E:\laragon\www\penggajianhari-master\vendor\laravel\framework\src\Illuminate\Database\Seeder.php(43): userSeeder->run()
#11 E:\laragon\www\penggajianhari-master\database\seeds\DatabaseSeeder.php(14): Illuminate\Database\Seeder->call('userSeeder')
#12 E:\laragon\www\penggajianhari-master\vendor\laravel\framework\src\Illuminate\Database\Console\Seeds\SeedCommand.php(63): DatabaseSeeder->run()
#13 E:\laragon\www\penggajianhari-master\vendor\laravel\framework\src\Illuminate\Database\Eloquent\Model.php(2292): Illuminate\Database\Console\Seeds\SeedCommand->Illuminate\Database\Console\Seeds\{closure}()
#14 E:\laragon\www\penggajianhari-master\vendor\laravel\framework\src\Illuminate\Database\Console\Seeds\SeedCommand.php(64): Illuminate\Database\Eloquent\Model::unguarded(Object(Closure))
#15 [internal function]: Illuminate\Database\Console\Seeds\SeedCommand->fire()
#16 E:\laragon\www\penggajianhari-master\vendor\laravel\framework\src\Illuminate\Container\Container.php(508): call_user_func_array(Array, Array)
#17 E:\laragon\www\penggajianhari-master\vendor\laravel\framework\src\Illuminate\Console\Command.php(169): Illuminate\Container\Container->call(Array)
#18 E:\laragon\www\penggajianhari-master\vendor\symfony\console\Command\Command.php(261): Illuminate\Console\Command->execute(Object(Symfony\Component\Console\Input\ArgvInput), Object(Symfony\Component\Console\Output\ConsoleOutput))
#19 E:\laragon\www\penggajianhari-master\vendor\laravel\framework\src\Illuminate\Console\Command.php(155): Symfony\Component\Console\Command\Command->run(Object(Symfony\Component\Console\Input\ArgvInput), Object(Symfony\Component\Console\Output\ConsoleOutput))
#20 E:\laragon\www\penggajianhari-master\vendor\symfony\console\Application.php(817): Illuminate\Console\Command->run(Object(Symfony\Component\Console\Input\ArgvInput), Object(Symfony\Component\Console\Output\ConsoleOutput))
#21 E:\laragon\www\penggajianhari-master\vendor\symfony\console\Application.php(185): Symfony\Component\Console\Application->doRunCommand(Object(Illuminate\Database\Console\Seeds\SeedCommand), Object(Symfony\Component\Console\Input\ArgvInput), Object(Symfony\Component\Console\Output\ConsoleOutput))
#22 E:\laragon\www\penggajianhari-master\vendor\symfony\console\Application.php(116): Symfony\Component\Console\Application->doRun(Object(Symfony\Component\Console\Input\ArgvInput), Object(Symfony\Component\Console\Output\ConsoleOutput))
#23 E:\laragon\www\penggajianhari-master\vendor\laravel\framework\src\Illuminate\Foundation\Console\Kernel.php(121): Symfony\Component\Console\Application->run(Object(Symfony\Component\Console\Input\ArgvInput), Object(Symfony\Component\Console\Output\ConsoleOutput))
#24 E:\laragon\www\penggajianhari-master\artisan(35): Illuminate\Foundation\Console\Kernel->handle(Object(Symfony\Component\Console\Input\ArgvInput), Object(Symfony\Component\Console\Output\ConsoleOutput))
#25 {main}

Next Illuminate\Database\QueryException: SQLSTATE[42S02]: Base table or view not found: 1146 Table 'penggajianhar.users' doesn't exist (SQL: insert into `users` (`name`, `permission`, `email`, `password`) values (ADMIN, Admin, admin@gmail.com, $2y$10$Xsroyd7HCRl/sWLq6lHAzOZrfc.fxz8Ie9y0jsndolJ3hel7VTZmC)) in E:\laragon\www\penggajianhari-master\vendor\laravel\framework\src\Illuminate\Database\Connection.php:770
Stack trace:
#0 E:\laragon\www\penggajianhari-master\vendor\laravel\framework\src\Illuminate\Database\Connection.php(726): Illuminate\Database\Connection->runQueryCallback('insert into `us...', Array, Object(Closure))
#1 E:\laragon\www\penggajianhari-master\vendor\laravel\framework\src\Illuminate\Database\Connection.php(481): Illuminate\Database\Connection->run('insert into `us...', Array, Object(Closure))
#2 E:\laragon\www\penggajianhari-master\vendor\laravel\framework\src\Illuminate\Database\Connection.php(435): Illuminate\Database\Connection->statement('insert into `us...', Array)
#3 E:\laragon\www\penggajianhari-master\vendor\laravel\framework\src\Illuminate\Database\Query\Builder.php(2138): Illuminate\Database\Connection->insert('insert into `us...', Array)
#4 E:\laragon\www\penggajianhari-master\vendor\laravel\framework\src\Illuminate\Database\Eloquent\Builder.php(1470): Illuminate\Database\Query\Builder->insert(Array)
#5 E:\laragon\www\penggajianhari-master\vendor\laravel\framework\src\Illuminate\Database\Eloquent\Model.php(3561): Illuminate\Database\Eloquent\Builder->__call('insert', Array)
#6 E:\laragon\www\penggajianhari-master\vendor\laravel\framework\src\Illuminate\Database\Eloquent\Model.php(3573): Illuminate\Database\Eloquent\Model->__call('insert', Array)
#7 E:\laragon\www\penggajianhari-master\database\seeds\userSeeder.php(18): Illuminate\Database\Eloquent\Model::__callStatic('insert', Array)
#8 E:\laragon\www\penggajianhari-master\vendor\laravel\framework\src\Illuminate\Database\Seeder.php(43): userSeeder->run()
#9 E:\laragon\www\penggajianhari-master\database\seeds\DatabaseSeeder.php(14): Illuminate\Database\Seeder->call('userSeeder')
#10 E:\laragon\www\penggajianhari-master\vendor\laravel\framework\src\Illuminate\Database\Console\Seeds\SeedCommand.php(63): DatabaseSeeder->run()
#11 E:\laragon\www\penggajianhari-master\vendor\laravel\framework\src\Illuminate\Database\Eloquent\Model.php(2292): Illuminate\Database\Console\Seeds\SeedCommand->Illuminate\Database\Console\Seeds\{closure}()
#12 E:\laragon\www\penggajianhari-master\vendor\laravel\framework\src\Illuminate\Database\Console\Seeds\SeedCommand.php(64): Illuminate\Database\Eloquent\Model::unguarded(Object(Closure))
#13 [internal function]: Illuminate\Database\Console\Seeds\SeedCommand->fire()
#14 E:\laragon\www\penggajianhari-master\vendor\laravel\framework\src\Illuminate\Container\Container.php(508): call_user_func_array(Array, Array)
#15 E:\laragon\www\penggajianhari-master\vendor\laravel\framework\src\Illuminate\Console\Command.php(169): Illuminate\Container\Container->call(Array)
#16 E:\laragon\www\penggajianhari-master\vendor\symfony\console\Command\Command.php(261): Illuminate\Console\Command->execute(Object(Symfony\Component\Console\Input\ArgvInput), Object(Symfony\Component\Console\Output\ConsoleOutput))
#17 E:\laragon\www\penggajianhari-master\vendor\laravel\framework\src\Illuminate\Console\Command.php(155): Symfony\Component\Console\Command\Command->run(Object(Symfony\Component\Console\Input\ArgvInput), Object(Symfony\Component\Console\Output\ConsoleOutput))
#18 E:\laragon\www\penggajianhari-master\vendor\symfony\console\Application.php(817): Illuminate\Console\Command->run(Object(Symfony\Component\Console\Input\ArgvInput), Object(Symfony\Component\Console\Output\ConsoleOutput))
#19 E:\laragon\www\penggajianhari-master\vendor\symfony\console\Application.php(185): Symfony\Component\Console\Application->doRunCommand(Object(Illuminate\Database\Console\Seeds\SeedCommand), Object(Symfony\Component\Console\Input\ArgvInput), Object(Symfony\Component\Console\Output\ConsoleOutput))
#20 E:\laragon\www\penggajianhari-master\vendor\symfony\console\Application.php(116): Symfony\Component\Console\Application->doRun(Object(Symfony\Component\Console\Input\ArgvInput), Object(Symfony\Component\Console\Output\ConsoleOutput))
#21 E:\laragon\www\penggajianhari-master\vendor\laravel\framework\src\Illuminate\Foundation\Console\Kernel.php(121): Symfony\Component\Console\Application->run(Object(Symfony\Component\Console\Input\ArgvInput), Object(Symfony\Component\Console\Output\ConsoleOutput))
#22 E:\laragon\www\penggajianhari-master\artisan(35): Illuminate\Foundation\Console\Kernel->handle(Object(Symfony\Component\Console\Input\ArgvInput), Object(Symfony\Component\Console\Output\ConsoleOutput))
#23 {main}  
[2017-02-21 09:11:19] local.ERROR: ErrorException: Use of undefined constant number - assumed 'number' in E:\laragon\www\penggajianhari-master\storage\framework\views\23c3d28f76064e66bb69f5d1f119bedeb37ceb9d.php:21
Stack trace:
#0 E:\laragon\www\penggajianhari-master\storage\framework\views\23c3d28f76064e66bb69f5d1f119bedeb37ceb9d.php(21): Illuminate\Foundation\Bootstrap\HandleExceptions->handleError(8, 'Use of undefine...', 'E:\\laragon\\www\\...', 21, Array)
#1 E:\laragon\www\penggajianhari-master\vendor\laravel\framework\src\Illuminate\View\Engines\PhpEngine.php(42): include('E:\\laragon\\www\\...')
#2 E:\laragon\www\penggajianhari-master\vendor\laravel\framework\src\Illuminate\View\Engines\CompilerEngine.php(59): Illuminate\View\Engines\PhpEngine->evaluatePath('E:\\laragon\\www\\...', Array)
#3 E:\laragon\www\penggajianhari-master\vendor\laravel\framework\src\Illuminate\View\View.php(149): Illuminate\View\Engines\CompilerEngine->get('E:\\laragon\\www\\...', Array)
#4 E:\laragon\www\penggajianhari-master\vendor\laravel\framework\src\Illuminate\View\View.php(120): Illuminate\View\View->getContents()
#5 E:\laragon\www\penggajianhari-master\vendor\laravel\framework\src\Illuminate\View\View.php(85): Illuminate\View\View->renderContents()
#6 E:\laragon\www\penggajianhari-master\vendor\laravel\framework\src\Illuminate\Http\Response.php(45): Illuminate\View\View->render()
#7 E:\laragon\www\penggajianhari-master\vendor\symfony\http-foundation\Response.php(201): Illuminate\Http\Response->setContent(Object(Illuminate\View\View))
#8 E:\laragon\www\penggajianhari-master\vendor\laravel\framework\src\Illuminate\Routing\Router.php(1028): Symfony\Component\HttpFoundation\Response->__construct(Object(Illuminate\View\View))
#9 E:\laragon\www\penggajianhari-master\vendor\laravel\framework\src\Illuminate\Routing\Router.php(653): Illuminate\Routing\Router->prepareResponse(Object(Illuminate\Http\Request), Object(Illuminate\View\View))
#10 E:\laragon\www\penggajianhari-master\vendor\laravel\framework\src\Illuminate\Routing\Pipeline.php(53): Illuminate\Routing\Router->Illuminate\Routing\{closure}(Object(Illuminate\Http\Request))
#11 E:\laragon\www\penggajianhari-master\app\Http\Middleware\SuperAdmin.php(20): Illuminate\Routing\Pipeline->Illuminate\Routing\{closure}(Object(Illuminate\Http\Request))
#12 E:\laragon\www\penggajianhari-master\vendor\laravel\framework\src\Illuminate\Pipeline\Pipeline.php(137): App\Http\Middleware\SuperAdmin->handle(Object(Illuminate\Http\Request), Object(Closure))
#13 E:\laragon\www\penggajianhari-master\vendor\laravel\framework\src\Illuminate\Routing\Pipeline.php(33): Illuminate\Pipeline\Pipeline->Illuminate\Pipeline\{closure}(Object(Illuminate\Http\Request))
#14 E:\laragon\www\penggajianhari-master\vendor\laravel\framework\src\Illuminate\Routing\Middleware\SubstituteBindings.php(41): Illuminate\Routing\Pipeline->Illuminate\Routing\{closure}(Object(Illuminate\Http\Request))
#15 E:\laragon\www\penggajianhari-master\vendor\laravel\framework\src\Illuminate\Pipeline\Pipeline.php(137): Illuminate\Routing\Middleware\SubstituteBindings->handle(Object(Illuminate\Http\Request), Object(Closure))
#16 E:\laragon\www\penggajianhari-master\vendor\laravel\framework\src\Illuminate\Routing\Pipeline.php(33): Illuminate\Pipeline\Pipeline->Illuminate\Pipeline\{closure}(Object(Illuminate\Http\Request))
#17 E:\laragon\www\penggajianhari-master\vendor\laravel\framework\src\Illuminate\Foundation\Http\Middleware\VerifyCsrfToken.php(65): Illuminate\Routing\Pipeline->Illuminate\Routing\{closure}(Object(Illuminate\Http\Request))
#18 E:\laragon\www\penggajianhari-master\vendor\laravel\framework\src\Illuminate\Pipeline\Pipeline.php(137): Illuminate\Foundation\Http\Middleware\VerifyCsrfToken->handle(Object(Illuminate\Http\Request), Object(Closure))
#19 E:\laragon\www\penggajianhari-master\vendor\laravel\framework\src\Illuminate\Routing\Pipeline.php(33): Illuminate\Pipeline\Pipeline->Illuminate\Pipeline\{closure}(Object(Illuminate\Http\Request))
#20 E:\laragon\www\penggajianhari-master\vendor\laravel\framework\src\Illuminate\View\Middleware\ShareErrorsFromSession.php(49): Illuminate\Routing\Pipeline->Illuminate\Routing\{closure}(Object(Illuminate\Http\Request))
#21 E:\laragon\www\penggajianhari-master\vendor\laravel\framework\src\Illuminate\Pipeline\Pipeline.php(137): Illuminate\View\Middleware\ShareErrorsFromSession->handle(Object(Illuminate\Http\Request), Object(Closure))
#22 E:\laragon\www\penggajianhari-master\vendor\laravel\framework\src\Illuminate\Routing\Pipeline.php(33): Illuminate\Pipeline\Pipeline->Illuminate\Pipeline\{closure}(Object(Illuminate\Http\Request))
#23 E:\laragon\www\penggajianhari-master\vendor\laravel\framework\src\Illuminate\Session\Middleware\StartSession.php(64): Illuminate\Routing\Pipeline->Illuminate\Routing\{closure}(Object(Illuminate\Http\Request))
#24 E:\laragon\www\penggajianhari-master\vendor\laravel\framework\src\Illuminate\Pipeline\Pipeline.php(137): Illuminate\Session\Middleware\StartSession->handle(Object(Illuminate\Http\Request), Object(Closure))
#25 E:\laragon\www\penggajianhari-master\vendor\laravel\framework\src\Illuminate\Routing\Pipeline.php(33): Illuminate\Pipeline\Pipeline->Illuminate\Pipeline\{closure}(Object(Illuminate\Http\Request))
#26 E:\laragon\www\penggajianhari-master\vendor\laravel\framework\src\Illuminate\Cookie\Middleware\AddQueuedCookiesToResponse.php(37): Illuminate\Routing\Pipeline->Illuminate\Routing\{closure}(Object(Illuminate\Http\Request))
#27 E:\laragon\www\penggajianhari-master\vendor\laravel\framework\src\Illuminate\Pipeline\Pipeline.php(137): Illuminate\Cookie\Middleware\AddQueuedCookiesToResponse->handle(Object(Illuminate\Http\Request), Object(Closure))
#28 E:\laragon\www\penggajianhari-master\vendor\laravel\framework\src\Illuminate\Routing\Pipeline.php(33): Illuminate\Pipeline\Pipeline->Illuminate\Pipeline\{closure}(Object(Illuminate\Http\Request))
#29 E:\laragon\www\penggajianhari-master\vendor\laravel\framework\src\Illuminate\Cookie\Middleware\EncryptCookies.php(59): Illuminate\Routing\Pipeline->Illuminate\Routing\{closure}(Object(Illuminate\Http\Request))
#30 E:\laragon\www\penggajianhari-master\vendor\laravel\framework\src\Illuminate\Pipeline\Pipeline.php(137): Illuminate\Cookie\Middleware\EncryptCookies->handle(Object(Illuminate\Http\Request), Object(Closure))
#31 E:\laragon\www\penggajianhari-master\vendor\laravel\framework\src\Illuminate\Routing\Pipeline.php(33): Illuminate\Pipeline\Pipeline->Illuminate\Pipeline\{closure}(Object(Illuminate\Http\Request))
#32 E:\laragon\www\penggajianhari-master\vendor\laravel\framework\src\Illuminate\Pipeline\Pipeline.php(104): Illuminate\Routing\Pipeline->Illuminate\Routing\{closure}(Object(Illuminate\Http\Request))
#33 E:\laragon\www\penggajianhari-master\vendor\laravel\framework\src\Illuminate\Routing\Router.php(655): Illuminate\Pipeline\Pipeline->then(Object(Closure))
#34 E:\laragon\www\penggajianhari-master\vendor\laravel\framework\src\Illuminate\Routing\Router.php(629): Illuminate\Routing\Router->runRouteWithinStack(Object(Illuminate\Routing\Route), Object(Illuminate\Http\Request))
#35 E:\laragon\www\penggajianhari-master\vendor\laravel\framework\src\Illuminate\Routing\Router.php(607): Illuminate\Routing\Router->dispatchToRoute(Object(Illuminate\Http\Request))
#36 E:\laragon\www\penggajianhari-master\vendor\laravel\framework\src\Illuminate\Foundation\Http\Kernel.php(268): Illuminate\Routing\Router->dispatch(Object(Illuminate\Http\Request))
#37 E:\laragon\www\penggajianhari-master\vendor\laravel\framework\src\Illuminate\Routing\Pipeline.php(53): Illuminate\Foundation\Http\Kernel->Illuminate\Foundation\Http\{closure}(Object(Illuminate\Http\Request))
#38 E:\laragon\www\penggajianhari-master\vendor\laravel\framework\src\Illuminate\Foundation\Http\Middleware\CheckForMaintenanceMode.php(46): Illuminate\Routing\Pipeline->Illuminate\Routing\{closure}(Object(Illuminate\Http\Request))
#39 E:\laragon\www\penggajianhari-master\vendor\laravel\framework\src\Illuminate\Pipeline\Pipeline.php(137): Illuminate\Foundation\Http\Middleware\CheckForMaintenanceMode->handle(Object(Illuminate\Http\Request), Object(Closure))
#40 E:\laragon\www\penggajianhari-master\vendor\laravel\framework\src\Illuminate\Routing\Pipeline.php(33): Illuminate\Pipeline\Pipeline->Illuminate\Pipeline\{closure}(Object(Illuminate\Http\Request))
#41 E:\laragon\www\penggajianhari-master\vendor\laravel\framework\src\Illuminate\Pipeline\Pipeline.php(104): Illuminate\Routing\Pipeline->Illuminate\Routing\{closure}(Object(Illuminate\Http\Request))
#42 E:\laragon\www\penggajianhari-master\vendor\laravel\framework\src\Illuminate\Foundation\Http\Kernel.php(150): Illuminate\Pipeline\Pipeline->then(Object(Closure))
#43 E:\laragon\www\penggajianhari-master\vendor\laravel\framework\src\Illuminate\Foundation\Http\Kernel.php(117): Illuminate\Foundation\Http\Kernel->sendRequestThroughRouter(Object(Illuminate\Http\Request))
#44 E:\laragon\www\penggajianhari-master\public\index.php(53): Illuminate\Foundation\Http\Kernel->handle(Object(Illuminate\Http\Request))
#45 E:\laragon\www\penggajianhari-master\server.php(21): require_once('E:\\laragon\\www\\...')
#46 {main}

Next ErrorException: Use of undefined constant number - assumed 'number' (View: E:\laragon\www\penggajianhari-master\resources\views\golongan\index.blade.php) in E:\laragon\www\penggajianhari-master\storage\framework\views\23c3d28f76064e66bb69f5d1f119bedeb37ceb9d.php:21
Stack trace:
#0 E:\laragon\www\penggajianhari-master\vendor\laravel\framework\src\Illuminate\View\Engines\PhpEngine.php(44): Illuminate\View\Engines\CompilerEngine->handleViewException(Object(ErrorException), 1)
#1 E:\laragon\www\penggajianhari-master\vendor\laravel\framework\src\Illuminate\View\Engines\CompilerEngine.php(59): Illuminate\View\Engines\PhpEngine->evaluatePath('E:\\laragon\\www\\...', Array)
#2 E:\laragon\www\penggajianhari-master\vendor\laravel\framework\src\Illuminate\View\View.php(149): Illuminate\View\Engines\CompilerEngine->get('E:\\laragon\\www\\...', Array)
#3 E:\laragon\www\penggajianhari-master\vendor\laravel\framework\src\Illuminate\View\View.php(120): Illuminate\View\View->getContents()
#4 E:\laragon\www\penggajianhari-master\vendor\laravel\framework\src\Illuminate\View\View.php(85): Illuminate\View\View->renderContents()
#5 E:\laragon\www\penggajianhari-master\vendor\laravel\framework\src\Illuminate\Http\Response.php(45): Illuminate\View\View->render()
#6 E:\laragon\www\penggajianhari-master\vendor\symfony\http-foundation\Response.php(201): Illuminate\Http\Response->setContent(Object(Illuminate\View\View))
#7 E:\laragon\www\penggajianhari-master\vendor\laravel\framework\src\Illuminate\Routing\Router.php(1028): Symfony\Component\HttpFoundation\Response->__construct(Object(Illuminate\View\View))
#8 E:\laragon\www\penggajianhari-master\vendor\laravel\framework\src\Illuminate\Routing\Router.php(653): Illuminate\Routing\Router->prepareResponse(Object(Illuminate\Http\Request), Object(Illuminate\View\View))
#9 E:\laragon\www\penggajianhari-master\vendor\laravel\framework\src\Illuminate\Routing\Pipeline.php(53): Illuminate\Routing\Router->Illuminate\Routing\{closure}(Object(Illuminate\Http\Request))
#10 E:\laragon\www\penggajianhari-master\app\Http\Middleware\SuperAdmin.php(20): Illuminate\Routing\Pipeline->Illuminate\Routing\{closure}(Object(Illuminate\Http\Request))
#11 E:\laragon\www\penggajianhari-master\vendor\laravel\framework\src\Illuminate\Pipeline\Pipeline.php(137): App\Http\Middleware\SuperAdmin->handle(Object(Illuminate\Http\Request), Object(Closure))
#12 E:\laragon\www\penggajianhari-master\vendor\laravel\framework\src\Illuminate\Routing\Pipeline.php(33): Illuminate\Pipeline\Pipeline->Illuminate\Pipeline\{closure}(Object(Illuminate\Http\Request))
#13 E:\laragon\www\penggajianhari-master\vendor\laravel\framework\src\Illuminate\Routing\Middleware\SubstituteBindings.php(41): Illuminate\Routing\Pipeline->Illuminate\Routing\{closure}(Object(Illuminate\Http\Request))
#14 E:\laragon\www\penggajianhari-master\vendor\laravel\framework\src\Illuminate\Pipeline\Pipeline.php(137): Illuminate\Routing\Middleware\SubstituteBindings->handle(Object(Illuminate\Http\Request), Object(Closure))
#15 E:\laragon\www\penggajianhari-master\vendor\laravel\framework\src\Illuminate\Routing\Pipeline.php(33): Illuminate\Pipeline\Pipeline->Illuminate\Pipeline\{closure}(Object(Illuminate\Http\Request))
#16 E:\laragon\www\penggajianhari-master\vendor\laravel\framework\src\Illuminate\Foundation\Http\Middleware\VerifyCsrfToken.php(65): Illuminate\Routing\Pipeline->Illuminate\Routing\{closure}(Object(Illuminate\Http\Request))
#17 E:\laragon\www\penggajianhari-master\vendor\laravel\framework\src\Illuminate\Pipeline\Pipeline.php(137): Illuminate\Foundation\Http\Middleware\VerifyCsrfToken->handle(Object(Illuminate\Http\Request), Object(Closure))
#18 E:\laragon\www\penggajianhari-master\vendor\laravel\framework\src\Illuminate\Routing\Pipeline.php(33): Illuminate\Pipeline\Pipeline->Illuminate\Pipeline\{closure}(Object(Illuminate\Http\Request))
#19 E:\laragon\www\penggajianhari-master\vendor\laravel\framework\src\Illuminate\View\Middleware\ShareErrorsFromSession.php(49): Illuminate\Routing\Pipeline->Illuminate\Routing\{closure}(Object(Illuminate\Http\Request))
#20 E:\laragon\www\penggajianhari-master\vendor\laravel\framework\src\Illuminate\Pipeline\Pipeline.php(137): Illuminate\View\Middleware\ShareErrorsFromSession->handle(Object(Illuminate\Http\Request), Object(Closure))
#21 E:\laragon\www\penggajianhari-master\vendor\laravel\framework\src\Illuminate\Routing\Pipeline.php(33): Illuminate\Pipeline\Pipeline->Illuminate\Pipeline\{closure}(Object(Illuminate\Http\Request))
#22 E:\laragon\www\penggajianhari-master\vendor\laravel\framework\src\Illuminate\Session\Middleware\StartSession.php(64): Illuminate\Routing\Pipeline->Illuminate\Routing\{closure}(Object(Illuminate\Http\Request))
#23 E:\laragon\www\penggajianhari-master\vendor\laravel\framework\src\Illuminate\Pipeline\Pipeline.php(137): Illuminate\Session\Middleware\StartSession->handle(Object(Illuminate\Http\Request), Object(Closure))
#24 E:\laragon\www\penggajianhari-master\vendor\laravel\framework\src\Illuminate\Routing\Pipeline.php(33): Illuminate\Pipeline\Pipeline->Illuminate\Pipeline\{closure}(Object(Illuminate\Http\Request))
#25 E:\laragon\www\penggajianhari-master\vendor\laravel\framework\src\Illuminate\Cookie\Middleware\AddQueuedCookiesToResponse.php(37): Illuminate\Routing\Pipeline->Illuminate\Routing\{closure}(Object(Illuminate\Http\Request))
#26 E:\laragon\www\penggajianhari-master\vendor\laravel\framework\src\Illuminate\Pipeline\Pipeline.php(137): Illuminate\Cookie\Middleware\AddQueuedCookiesToResponse->handle(Object(Illuminate\Http\Request), Object(Closure))
#27 E:\laragon\www\penggajianhari-master\vendor\laravel\framework\src\Illuminate\Routing\Pipeline.php(33): Illuminate\Pipeline\Pipeline->Illuminate\Pipeline\{closure}(Object(Illuminate\Http\Request))
#28 E:\laragon\www\penggajianhari-master\vendor\laravel\framework\src\Illuminate\Cookie\Middleware\EncryptCookies.php(59): Illuminate\Routing\Pipeline->Illuminate\Routing\{closure}(Object(Illuminate\Http\Request))
#29 E:\laragon\www\penggajianhari-master\vendor\laravel\framework\src\Illuminate\Pipeline\Pipeline.php(137): Illuminate\Cookie\Middleware\EncryptCookies->handle(Object(Illuminate\Http\Request), Object(Closure))
#30 E:\laragon\www\penggajianhari-master\vendor\laravel\framework\src\Illuminate\Routing\Pipeline.php(33): Illuminate\Pipeline\Pipeline->Illuminate\Pipeline\{closure}(Object(Illuminate\Http\Request))
#31 E:\laragon\www\penggajianhari-master\vendor\laravel\framework\src\Illuminate\Pipeline\Pipeline.php(104): Illuminate\Routing\Pipeline->Illuminate\Routing\{closure}(Object(Illuminate\Http\Request))
#32 E:\laragon\www\penggajianhari-master\vendor\laravel\framework\src\Illuminate\Routing\Router.php(655): Illuminate\Pipeline\Pipeline->then(Object(Closure))
#33 E:\laragon\www\penggajianhari-master\vendor\laravel\framework\src\Illuminate\Routing\Router.php(629): Illuminate\Routing\Router->runRouteWithinStack(Object(Illuminate\Routing\Route), Object(Illuminate\Http\Request))
#34 E:\laragon\www\penggajianhari-master\vendor\laravel\framework\src\Illuminate\Routing\Router.php(607): Illuminate\Routing\Router->dispatchToRoute(Object(Illuminate\Http\Request))
#35 E:\laragon\www\penggajianhari-master\vendor\laravel\framework\src\Illuminate\Foundation\Http\Kernel.php(268): Illuminate\Routing\Router->dispatch(Object(Illuminate\Http\Request))
#36 E:\laragon\www\penggajianhari-master\vendor\laravel\framework\src\Illuminate\Routing\Pipeline.php(53): Illuminate\Foundation\Http\Kernel->Illuminate\Foundation\Http\{closure}(Object(Illuminate\Http\Request))
#37 E:\laragon\www\penggajianhari-master\vendor\laravel\framework\src\Illuminate\Foundation\Http\Middleware\CheckForMaintenanceMode.php(46): Illuminate\Routing\Pipeline->Illuminate\Routing\{closure}(Object(Illuminate\Http\Request))
#38 E:\laragon\www\penggajianhari-master\vendor\laravel\framework\src\Illuminate\Pipeline\Pipeline.php(137): Illuminate\Foundation\Http\Middleware\CheckForMaintenanceMode->handle(Object(Illuminate\Http\Request), Object(Closure))
#39 E:\laragon\www\penggajianhari-master\vendor\laravel\framework\src\Illuminate\Routing\Pipeline.php(33): Illuminate\Pipeline\Pipeline->Illuminate\Pipeline\{closure}(Object(Illuminate\Http\Request))
#40 E:\laragon\www\penggajianhari-master\vendor\laravel\framework\src\Illuminate\Pipeline\Pipeline.php(104): Illuminate\Routing\Pipeline->Illuminate\Routing\{closure}(Object(Illuminate\Http\Request))
#41 E:\laragon\www\penggajianhari-master\vendor\laravel\framework\src\Illuminate\Foundation\Http\Kernel.php(150): Illuminate\Pipeline\Pipeline->then(Object(Closure))
#42 E:\laragon\www\penggajianhari-master\vendor\laravel\framework\src\Illuminate\Foundation\Http\Kernel.php(117): Illuminate\Foundation\Http\Kernel->sendRequestThroughRouter(Object(Illuminate\Http\Request))
#43 E:\laragon\www\penggajianhari-master\public\index.php(53): Illuminate\Foundation\Http\Kernel->handle(Object(Illuminate\Http\Request))
#44 E:\laragon\www\penggajianhari-master\server.php(21): require_once('E:\\laragon\\www\\...')
#45 {main}  
[2017-02-21 09:13:25] local.ERROR: Symfony\Component\Debug\Exception\FatalThrowableError: Parse error: syntax error, unexpected '","' (T_CONSTANT_ENCAPSED_STRING), expecting ',' or ')' in E:\laragon\www\penggajianhari-master\storage\framework\views\23c3d28f76064e66bb69f5d1f119bedeb37ceb9d.php:21
Stack trace:
#0 E:\laragon\www\penggajianhari-master\vendor\laravel\framework\src\Illuminate\View\Engines\CompilerEngine.php(59): Illuminate\View\Engines\PhpEngine->evaluatePath('E:\\laragon\\www\\...', Array)
#1 E:\laragon\www\penggajianhari-master\vendor\laravel\framework\src\Illuminate\View\View.php(149): Illuminate\View\Engines\CompilerEngine->get('E:\\laragon\\www\\...', Array)
#2 E:\laragon\www\penggajianhari-master\vendor\laravel\framework\src\Illuminate\View\View.php(120): Illuminate\View\View->getContents()
#3 E:\laragon\www\penggajianhari-master\vendor\laravel\framework\src\Illuminate\View\View.php(85): Illuminate\View\View->renderContents()
#4 E:\laragon\www\penggajianhari-master\vendor\laravel\framework\src\Illuminate\Http\Response.php(45): Illuminate\View\View->render()
#5 E:\laragon\www\penggajianhari-master\vendor\symfony\http-foundation\Response.php(201): Illuminate\Http\Response->setContent(Object(Illuminate\View\View))
#6 E:\laragon\www\penggajianhari-master\vendor\laravel\framework\src\Illuminate\Routing\Router.php(1028): Symfony\Component\HttpFoundation\Response->__construct(Object(Illuminate\View\View))
#7 E:\laragon\www\penggajianhari-master\vendor\laravel\framework\src\Illuminate\Routing\Router.php(653): Illuminate\Routing\Router->prepareResponse(Object(Illuminate\Http\Request), Object(Illuminate\View\View))
#8 E:\laragon\www\penggajianhari-master\vendor\laravel\framework\src\Illuminate\Routing\Pipeline.php(53): Illuminate\Routing\Router->Illuminate\Routing\{closure}(Object(Illuminate\Http\Request))
#9 E:\laragon\www\penggajianhari-master\app\Http\Middleware\SuperAdmin.php(20): Illuminate\Routing\Pipeline->Illuminate\Routing\{closure}(Object(Illuminate\Http\Request))
#10 E:\laragon\www\penggajianhari-master\vendor\laravel\framework\src\Illuminate\Pipeline\Pipeline.php(137): App\Http\Middleware\SuperAdmin->handle(Object(Illuminate\Http\Request), Object(Closure))
#11 E:\laragon\www\penggajianhari-master\vendor\laravel\framework\src\Illuminate\Routing\Pipeline.php(33): Illuminate\Pipeline\Pipeline->Illuminate\Pipeline\{closure}(Object(Illuminate\Http\Request))
#12 E:\laragon\www\penggajianhari-master\vendor\laravel\framework\src\Illuminate\Routing\Middleware\SubstituteBindings.php(41): Illuminate\Routing\Pipeline->Illuminate\Routing\{closure}(Object(Illuminate\Http\Request))
#13 E:\laragon\www\penggajianhari-master\vendor\laravel\framework\src\Illuminate\Pipeline\Pipeline.php(137): Illuminate\Routing\Middleware\SubstituteBindings->handle(Object(Illuminate\Http\Request), Object(Closure))
#14 E:\laragon\www\penggajianhari-master\vendor\laravel\framework\src\Illuminate\Routing\Pipeline.php(33): Illuminate\Pipeline\Pipeline->Illuminate\Pipeline\{closure}(Object(Illuminate\Http\Request))
#15 E:\laragon\www\penggajianhari-master\vendor\laravel\framework\src\Illuminate\Foundation\Http\Middleware\VerifyCsrfToken.php(65): Illuminate\Routing\Pipeline->Illuminate\Routing\{closure}(Object(Illuminate\Http\Request))
#16 E:\laragon\www\penggajianhari-master\vendor\laravel\framework\src\Illuminate\Pipeline\Pipeline.php(137): Illuminate\Foundation\Http\Middleware\VerifyCsrfToken->handle(Object(Illuminate\Http\Request), Object(Closure))
#17 E:\laragon\www\penggajianhari-master\vendor\laravel\framework\src\Illuminate\Routing\Pipeline.php(33): Illuminate\Pipeline\Pipeline->Illuminate\Pipeline\{closure}(Object(Illuminate\Http\Request))
#18 E:\laragon\www\penggajianhari-master\vendor\laravel\framework\src\Illuminate\View\Middleware\ShareErrorsFromSession.php(49): Illuminate\Routing\Pipeline->Illuminate\Routing\{closure}(Object(Illuminate\Http\Request))
#19 E:\laragon\www\penggajianhari-master\vendor\laravel\framework\src\Illuminate\Pipeline\Pipeline.php(137): Illuminate\View\Middleware\ShareErrorsFromSession->handle(Object(Illuminate\Http\Request), Object(Closure))
#20 E:\laragon\www\penggajianhari-master\vendor\laravel\framework\src\Illuminate\Routing\Pipeline.php(33): Illuminate\Pipeline\Pipeline->Illuminate\Pipeline\{closure}(Object(Illuminate\Http\Request))
#21 E:\laragon\www\penggajianhari-master\vendor\laravel\framework\src\Illuminate\Session\Middleware\StartSession.php(64): Illuminate\Routing\Pipeline->Illuminate\Routing\{closure}(Object(Illuminate\Http\Request))
#22 E:\laragon\www\penggajianhari-master\vendor\laravel\framework\src\Illuminate\Pipeline\Pipeline.php(137): Illuminate\Session\Middleware\StartSession->handle(Object(Illuminate\Http\Request), Object(Closure))
#23 E:\laragon\www\penggajianhari-master\vendor\laravel\framework\src\Illuminate\Routing\Pipeline.php(33): Illuminate\Pipeline\Pipeline->Illuminate\Pipeline\{closure}(Object(Illuminate\Http\Request))
#24 E:\laragon\www\penggajianhari-master\vendor\laravel\framework\src\Illuminate\Cookie\Middleware\AddQueuedCookiesToResponse.php(37): Illuminate\Routing\Pipeline->Illuminate\Routing\{closure}(Object(Illuminate\Http\Request))
#25 E:\laragon\www\penggajianhari-master\vendor\laravel\framework\src\Illuminate\Pipeline\Pipeline.php(137): Illuminate\Cookie\Middleware\AddQueuedCookiesToResponse->handle(Object(Illuminate\Http\Request), Object(Closure))
#26 E:\laragon\www\penggajianhari-master\vendor\laravel\framework\src\Illuminate\Routing\Pipeline.php(33): Illuminate\Pipeline\Pipeline->Illuminate\Pipeline\{closure}(Object(Illuminate\Http\Request))
#27 E:\laragon\www\penggajianhari-master\vendor\laravel\framework\src\Illuminate\Cookie\Middleware\EncryptCookies.php(59): Illuminate\Routing\Pipeline->Illuminate\Routing\{closure}(Object(Illuminate\Http\Request))
#28 E:\laragon\www\penggajianhari-master\vendor\laravel\framework\src\Illuminate\Pipeline\Pipeline.php(137): Illuminate\Cookie\Middleware\EncryptCookies->handle(Object(Illuminate\Http\Request), Object(Closure))
#29 E:\laragon\www\penggajianhari-master\vendor\laravel\framework\src\Illuminate\Routing\Pipeline.php(33): Illuminate\Pipeline\Pipeline->Illuminate\Pipeline\{closure}(Object(Illuminate\Http\Request))
#30 E:\laragon\www\penggajianhari-master\vendor\laravel\framework\src\Illuminate\Pipeline\Pipeline.php(104): Illuminate\Routing\Pipeline->Illuminate\Routing\{closure}(Object(Illuminate\Http\Request))
#31 E:\laragon\www\penggajianhari-master\vendor\laravel\framework\src\Illuminate\Routing\Router.php(655): Illuminate\Pipeline\Pipeline->then(Object(Closure))
#32 E:\laragon\www\penggajianhari-master\vendor\laravel\framework\src\Illuminate\Routing\Router.php(629): Illuminate\Routing\Router->runRouteWithinStack(Object(Illuminate\Routing\Route), Object(Illuminate\Http\Request))
#33 E:\laragon\www\penggajianhari-master\vendor\laravel\framework\src\Illuminate\Routing\Router.php(607): Illuminate\Routing\Router->dispatchToRoute(Object(Illuminate\Http\Request))
#34 E:\laragon\www\penggajianhari-master\vendor\laravel\framework\src\Illuminate\Foundation\Http\Kernel.php(268): Illuminate\Routing\Router->dispatch(Object(Illuminate\Http\Request))
#35 E:\laragon\www\penggajianhari-master\vendor\laravel\framework\src\Illuminate\Routing\Pipeline.php(53): Illuminate\Foundation\Http\Kernel->Illuminate\Foundation\Http\{closure}(Object(Illuminate\Http\Request))
#36 E:\laragon\www\penggajianhari-master\vendor\laravel\framework\src\Illuminate\Foundation\Http\Middleware\CheckForMaintenanceMode.php(46): Illuminate\Routing\Pipeline->Illuminate\Routing\{closure}(Object(Illuminate\Http\Request))
#37 E:\laragon\www\penggajianhari-master\vendor\laravel\framework\src\Illuminate\Pipeline\Pipeline.php(137): Illuminate\Foundation\Http\Middleware\CheckForMaintenanceMode->handle(Object(Illuminate\Http\Request), Object(Closure))
#38 E:\laragon\www\penggajianhari-master\vendor\laravel\framework\src\Illuminate\Routing\Pipeline.php(33): Illuminate\Pipeline\Pipeline->Illuminate\Pipeline\{closure}(Object(Illuminate\Http\Request))
#39 E:\laragon\www\penggajianhari-master\vendor\laravel\framework\src\Illuminate\Pipeline\Pipeline.php(104): Illuminate\Routing\Pipeline->Illuminate\Routing\{closure}(Object(Illuminate\Http\Request))
#40 E:\laragon\www\penggajianhari-master\vendor\laravel\framework\src\Illuminate\Foundation\Http\Kernel.php(150): Illuminate\Pipeline\Pipeline->then(Object(Closure))
#41 E:\laragon\www\penggajianhari-master\vendor\laravel\framework\src\Illuminate\Foundation\Http\Kernel.php(117): Illuminate\Foundation\Http\Kernel->sendRequestThroughRouter(Object(Illuminate\Http\Request))
#42 E:\laragon\www\penggajianhari-master\public\index.php(53): Illuminate\Foundation\Http\Kernel->handle(Object(Illuminate\Http\Request))
#43 E:\laragon\www\penggajianhari-master\server.php(21): require_once('E:\\laragon\\www\\...')
#44 {main}

Next ErrorException: Parse error: syntax error, unexpected '","' (T_CONSTANT_ENCAPSED_STRING), expecting ',' or ')' (View: E:\laragon\www\penggajianhari-master\resources\views\golongan\index.blade.php) in E:\laragon\www\penggajianhari-master\storage\framework\views\23c3d28f76064e66bb69f5d1f119bedeb37ceb9d.php:21
Stack trace:
#0 E:\laragon\www\penggajianhari-master\vendor\laravel\framework\src\Illuminate\View\Engines\PhpEngine.php(46): Illuminate\View\Engines\CompilerEngine->handleViewException(Object(Symfony\Component\Debug\Exception\FatalThrowableError), 1)
#1 E:\laragon\www\penggajianhari-master\vendor\laravel\framework\src\Illuminate\View\Engines\CompilerEngine.php(59): Illuminate\View\Engines\PhpEngine->evaluatePath('E:\\laragon\\www\\...', Array)
#2 E:\laragon\www\penggajianhari-master\vendor\laravel\framework\src\Illuminate\View\View.php(149): Illuminate\View\Engines\CompilerEngine->get('E:\\laragon\\www\\...', Array)
#3 E:\laragon\www\penggajianhari-master\vendor\laravel\framework\src\Illuminate\View\View.php(120): Illuminate\View\View->getContents()
#4 E:\laragon\www\penggajianhari-master\vendor\laravel\framework\src\Illuminate\View\View.php(85): Illuminate\View\View->renderContents()
#5 E:\laragon\www\penggajianhari-master\vendor\laravel\framework\src\Illuminate\Http\Response.php(45): Illuminate\View\View->render()
#6 E:\laragon\www\penggajianhari-master\vendor\symfony\http-foundation\Response.php(201): Illuminate\Http\Response->setContent(Object(Illuminate\View\View))
#7 E:\laragon\www\penggajianhari-master\vendor\laravel\framework\src\Illuminate\Routing\Router.php(1028): Symfony\Component\HttpFoundation\Response->__construct(Object(Illuminate\View\View))
#8 E:\laragon\www\penggajianhari-master\vendor\laravel\framework\src\Illuminate\Routing\Router.php(653): Illuminate\Routing\Router->prepareResponse(Object(Illuminate\Http\Request), Object(Illuminate\View\View))
#9 E:\laragon\www\penggajianhari-master\vendor\laravel\framework\src\Illuminate\Routing\Pipeline.php(53): Illuminate\Routing\Router->Illuminate\Routing\{closure}(Object(Illuminate\Http\Request))
#10 E:\laragon\www\penggajianhari-master\app\Http\Middleware\SuperAdmin.php(20): Illuminate\Routing\Pipeline->Illuminate\Routing\{closure}(Object(Illuminate\Http\Request))
#11 E:\laragon\www\penggajianhari-master\vendor\laravel\framework\src\Illuminate\Pipeline\Pipeline.php(137): App\Http\Middleware\SuperAdmin->handle(Object(Illuminate\Http\Request), Object(Closure))
#12 E:\laragon\www\penggajianhari-master\vendor\laravel\framework\src\Illuminate\Routing\Pipeline.php(33): Illuminate\Pipeline\Pipeline->Illuminate\Pipeline\{closure}(Object(Illuminate\Http\Request))
#13 E:\laragon\www\penggajianhari-master\vendor\laravel\framework\src\Illuminate\Routing\Middleware\SubstituteBindings.php(41): Illuminate\Routing\Pipeline->Illuminate\Routing\{closure}(Object(Illuminate\Http\Request))
#14 E:\laragon\www\penggajianhari-master\vendor\laravel\framework\src\Illuminate\Pipeline\Pipeline.php(137): Illuminate\Routing\Middleware\SubstituteBindings->handle(Object(Illuminate\Http\Request), Object(Closure))
#15 E:\laragon\www\penggajianhari-master\vendor\laravel\framework\src\Illuminate\Routing\Pipeline.php(33): Illuminate\Pipeline\Pipeline->Illuminate\Pipeline\{closure}(Object(Illuminate\Http\Request))
#16 E:\laragon\www\penggajianhari-master\vendor\laravel\framework\src\Illuminate\Foundation\Http\Middleware\VerifyCsrfToken.php(65): Illuminate\Routing\Pipeline->Illuminate\Routing\{closure}(Object(Illuminate\Http\Request))
#17 E:\laragon\www\penggajianhari-master\vendor\laravel\framework\src\Illuminate\Pipeline\Pipeline.php(137): Illuminate\Foundation\Http\Middleware\VerifyCsrfToken->handle(Object(Illuminate\Http\Request), Object(Closure))
#18 E:\laragon\www\penggajianhari-master\vendor\laravel\framework\src\Illuminate\Routing\Pipeline.php(33): Illuminate\Pipeline\Pipeline->Illuminate\Pipeline\{closure}(Object(Illuminate\Http\Request))
#19 E:\laragon\www\penggajianhari-master\vendor\laravel\framework\src\Illuminate\View\Middleware\ShareErrorsFromSession.php(49): Illuminate\Routing\Pipeline->Illuminate\Routing\{closure}(Object(Illuminate\Http\Request))
#20 E:\laragon\www\penggajianhari-master\vendor\laravel\framework\src\Illuminate\Pipeline\Pipeline.php(137): Illuminate\View\Middleware\ShareErrorsFromSession->handle(Object(Illuminate\Http\Request), Object(Closure))
#21 E:\laragon\www\penggajianhari-master\vendor\laravel\framework\src\Illuminate\Routing\Pipeline.php(33): Illuminate\Pipeline\Pipeline->Illuminate\Pipeline\{closure}(Object(Illuminate\Http\Request))
#22 E:\laragon\www\penggajianhari-master\vendor\laravel\framework\src\Illuminate\Session\Middleware\StartSession.php(64): Illuminate\Routing\Pipeline->Illuminate\Routing\{closure}(Object(Illuminate\Http\Request))
#23 E:\laragon\www\penggajianhari-master\vendor\laravel\framework\src\Illuminate\Pipeline\Pipeline.php(137): Illuminate\Session\Middleware\StartSession->handle(Object(Illuminate\Http\Request), Object(Closure))
#24 E:\laragon\www\penggajianhari-master\vendor\laravel\framework\src\Illuminate\Routing\Pipeline.php(33): Illuminate\Pipeline\Pipeline->Illuminate\Pipeline\{closure}(Object(Illuminate\Http\Request))
#25 E:\laragon\www\penggajianhari-master\vendor\laravel\framework\src\Illuminate\Cookie\Middleware\AddQueuedCookiesToResponse.php(37): Illuminate\Routing\Pipeline->Illuminate\Routing\{closure}(Object(Illuminate\Http\Request))
#26 E:\laragon\www\penggajianhari-master\vendor\laravel\framework\src\Illuminate\Pipeline\Pipeline.php(137): Illuminate\Cookie\Middleware\AddQueuedCookiesToResponse->handle(Object(Illuminate\Http\Request), Object(Closure))
#27 E:\laragon\www\penggajianhari-master\vendor\laravel\framework\src\Illuminate\Routing\Pipeline.php(33): Illuminate\Pipeline\Pipeline->Illuminate\Pipeline\{closure}(Object(Illuminate\Http\Request))
#28 E:\laragon\www\penggajianhari-master\vendor\laravel\framework\src\Illuminate\Cookie\Middleware\EncryptCookies.php(59): Illuminate\Routing\Pipeline->Illuminate\Routing\{closure}(Object(Illuminate\Http\Request))
#29 E:\laragon\www\penggajianhari-master\vendor\laravel\framework\src\Illuminate\Pipeline\Pipeline.php(137): Illuminate\Cookie\Middleware\EncryptCookies->handle(Object(Illuminate\Http\Request), Object(Closure))
#30 E:\laragon\www\penggajianhari-master\vendor\laravel\framework\src\Illuminate\Routing\Pipeline.php(33): Illuminate\Pipeline\Pipeline->Illuminate\Pipeline\{closure}(Object(Illuminate\Http\Request))
#31 E:\laragon\www\penggajianhari-master\vendor\laravel\framework\src\Illuminate\Pipeline\Pipeline.php(104): Illuminate\Routing\Pipeline->Illuminate\Routing\{closure}(Object(Illuminate\Http\Request))
#32 E:\laragon\www\penggajianhari-master\vendor\laravel\framework\src\Illuminate\Routing\Router.php(655): Illuminate\Pipeline\Pipeline->then(Object(Closure))
#33 E:\laragon\www\penggajianhari-master\vendor\laravel\framework\src\Illuminate\Routing\Router.php(629): Illuminate\Routing\Router->runRouteWithinStack(Object(Illuminate\Routing\Route), Object(Illuminate\Http\Request))
#34 E:\laragon\www\penggajianhari-master\vendor\laravel\framework\src\Illuminate\Routing\Router.php(607): Illuminate\Routing\Router->dispatchToRoute(Object(Illuminate\Http\Request))
#35 E:\laragon\www\penggajianhari-master\vendor\laravel\framework\src\Illuminate\Foundation\Http\Kernel.php(268): Illuminate\Routing\Router->dispatch(Object(Illuminate\Http\Request))
#36 E:\laragon\www\penggajianhari-master\vendor\laravel\framework\src\Illuminate\Routing\Pipeline.php(53): Illuminate\Foundation\Http\Kernel->Illuminate\Foundation\Http\{closure}(Object(Illuminate\Http\Request))
#37 E:\laragon\www\penggajianhari-master\vendor\laravel\framework\src\Illuminate\Foundation\Http\Middleware\CheckForMaintenanceMode.php(46): Illuminate\Routing\Pipeline->Illuminate\Routing\{closure}(Object(Illuminate\Http\Request))
#38 E:\laragon\www\penggajianhari-master\vendor\laravel\framework\src\Illuminate\Pipeline\Pipeline.php(137): Illuminate\Foundation\Http\Middleware\CheckForMaintenanceMode->handle(Object(Illuminate\Http\Request), Object(Closure))
#39 E:\laragon\www\penggajianhari-master\vendor\laravel\framework\src\Illuminate\Routing\Pipeline.php(33): Illuminate\Pipeline\Pipeline->Illuminate\Pipeline\{closure}(Object(Illuminate\Http\Request))
#40 E:\laragon\www\penggajianhari-master\vendor\laravel\framework\src\Illuminate\Pipeline\Pipeline.php(104): Illuminate\Routing\Pipeline->Illuminate\Routing\{closure}(Object(Illuminate\Http\Request))
#41 E:\laragon\www\penggajianhari-master\vendor\laravel\framework\src\Illuminate\Foundation\Http\Kernel.php(150): Illuminate\Pipeline\Pipeline->then(Object(Closure))
#42 E:\laragon\www\penggajianhari-master\vendor\laravel\framework\src\Illuminate\Foundation\Http\Kernel.php(117): Illuminate\Foundation\Http\Kernel->sendRequestThroughRouter(Object(Illuminate\Http\Request))
#43 E:\laragon\www\penggajianhari-master\public\index.php(53): Illuminate\Foundation\Http\Kernel->handle(Object(Illuminate\Http\Request))
#44 E:\laragon\www\penggajianhari-master\server.php(21): require_once('E:\\laragon\\www\\...')
#45 {main}  
